<?xml version="1.0" encoding="UTF-8"?>
<testng-results ignored="0" total="2" passed="2" failed="0" skipped="0">
  <reporter-output>
  </reporter-output>
  <suite started-at="2021-06-03T10:45:50Z" name="Suite" finished-at="2021-06-03T10:45:50Z" duration-ms="21">
    <groups>
    </groups>
    <test started-at="2021-06-03T10:45:50Z" name="Test" finished-at="2021-06-03T10:45:50Z" duration-ms="21">
      <class name="Demo2">
        <test-method signature="test()[pri:0, instance:Demo2@bd8db5a]" started-at="2021-06-03T10:45:50Z" name="test" finished-at="2021-06-03T10:45:50Z" duration-ms="4" status="PASS">
          <reporter-output>
          </reporter-output>
        </test-method> <!-- test -->
      </class> <!-- Demo2 -->
      <class name="Demo1">
        <test-method signature="test()[pri:0, instance:Demo1@2f943d71]" started-at="2021-06-03T10:45:50Z" name="test" finished-at="2021-06-03T10:45:50Z" duration-ms="0" status="PASS">
          <reporter-output>
          </reporter-output>
        </test-method> <!-- test -->
      </class> <!-- Demo1 -->
    </test> <!-- Test -->
  </suite> <!-- Suite -->
</testng-results>
